14:20:15:389 [ALWAYS]	GUDE Logging Started
14:20:15:390 [INFO]	SqliteResumeCache::SqliteResumeCache basedirectory is null/empty
14:20:15:390 [ERROR]	SqliteResumeCache::CreateSqliteResumeCache creating resume cache pointer failure
14:20:15:390 [ERROR]	Initialize resume cache pointer failure
14:20:15:391 [INFO]	gude policy POLICY_USER limit (2,2,1) chunk 2097152, chunking (UL 0 DL 1), resXfer 1, adapt 0, NSURL 0, timeout 86400 
14:20:15:392 [INFO]	Initialized -- gude-lib version: v0.12.1 app: gude
14:20:22:486 [WARN]	Ignoring attempt to reinit logging to \gude at level 4 retaining 3 days of logs
14:20:22:486 [INFO]	SqliteResumeCache::SqliteResumeCache basedirectory is null/empty
14:20:22:486 [ERROR]	SqliteResumeCache::CreateSqliteResumeCache creating resume cache pointer failure
14:20:22:486 [ERROR]	Initialize resume cache pointer failure
14:20:22:486 [INFO]	gude policy POLICY_USER limit (4,4,1) chunk 2097152, chunking (UL 0 DL 1), resXfer 1, adapt 0, NSURL 1, timeout 86400 
14:20:22:486 [INFO]	Initialized -- gude-lib version: v0.12.1 app: gude
14:36:46:502 [ALWAYS]	GUDE Logging Started
14:36:46:502 [INFO]	SqliteResumeCache::SqliteResumeCache basedirectory is null/empty
14:36:46:502 [ERROR]	SqliteResumeCache::CreateSqliteResumeCache creating resume cache pointer failure
14:36:46:502 [ERROR]	Initialize resume cache pointer failure
14:36:46:502 [INFO]	gude policy POLICY_USER limit (2,2,1) chunk 2097152, chunking (UL 0 DL 1), resXfer 1, adapt 0, NSURL 0, timeout 86400 
14:36:46:502 [INFO]	Initialized -- gude-lib version: v0.12.1 app: gude
14:36:48:001 [WARN]	Ignoring attempt to reinit logging to \gude at level 4 retaining 3 days of logs
14:36:48:001 [INFO]	SqliteResumeCache::SqliteResumeCache basedirectory is null/empty
14:36:48:001 [ERROR]	SqliteResumeCache::CreateSqliteResumeCache creating resume cache pointer failure
14:36:48:001 [ERROR]	Initialize resume cache pointer failure
14:36:48:001 [INFO]	gude policy POLICY_USER limit (4,4,1) chunk 2097152, chunking (UL 0 DL 1), resXfer 1, adapt 0, NSURL 1, timeout 86400 
14:36:48:001 [INFO]	Initialized -- gude-lib version: v0.12.1 app: gude
